Truncate
BUFFERING: not shown on -X:run-server, but will be buffered
BUFFERING: Constructor AnotherClassThatPrintsAsPartOfInitialization
BUFFERING: static SomeClassThatPrintsAsPartOfInitialization.getInt()
BUFFERING: Constructor AnotherClassThatPrintsAsPartOfInitialization
BUFFERING: Constructor AnotherClassThatPrintsAsPartOfInitialization
BUFFERING: static INIT SomeClassThatPrintsAsPartOfInitialization
BUFFERING: Constructor AnotherClassThatPrintsAsPartOfInitialization
BUFFERING: println from background thread. Count: 1
BUFFERING: System/out println from background thread. Count: 1
UNBUFFERING: not shown on -X:run-server, but will be buffered
UNBUFFERING: Constructor AnotherClassThatPrintsAsPartOfInitialization
UNBUFFERING: static SomeClassThatPrintsAsPartOfInitialization.getInt()
UNBUFFERING: Constructor AnotherClassThatPrintsAsPartOfInitialization
UNBUFFERING: Constructor AnotherClassThatPrintsAsPartOfInitialization
UNBUFFERING: static INIT SomeClassThatPrintsAsPartOfInitialization
UNBUFFERING: Constructor AnotherClassThatPrintsAsPartOfInitialization
UNBUFFERING: println from background thread. Count: 1
UNBUFFERING: System/out println from background thread. Count: 1
DIRECT SEND: println from background thread. Count: 2
DIRECT SEND: System/out println from background thread. Count: 2
DIRECT SEND: println from background thread. Count: 3
DIRECT SEND: System/out println from background thread. Count: 3
DIRECT SEND: println from background thread done
DIRECT SEND: System/out println from background thread done
latch released
client marked as done
client exited
